c:\users\monok\onedrive\рабочий стол\правленные танчики 2023\tanks_battle_game\debug\vc142.pdb
c:\users\monok\onedrive\рабочий стол\правленные танчики 2023\tanks_battle_game\debug\vc142.idb
c:\users\monok\onedrive\рабочий стол\правленные танчики 2023\tanks_battle_game\debug\tanks_battle_game.obj
c:\users\monok\onedrive\рабочий стол\правленные танчики 2023\tanks_battle_game\debug\tab.obj
c:\users\monok\onedrive\рабочий стол\правленные танчики 2023\tanks_battle_game\debug\postcode.obj
c:\users\monok\onedrive\рабочий стол\правленные танчики 2023\tanks_battle_game\debug\mytank.obj
c:\users\monok\onedrive\рабочий стол\правленные танчики 2023\tanks_battle_game\debug\game.obj
c:\users\monok\onedrive\рабочий стол\правленные танчики 2023\tanks_battle_game\debug\field.obj
c:\users\monok\onedrive\рабочий стол\правленные танчики 2023\tanks_battle_game\debug\eventhandler.obj
c:\users\monok\onedrive\рабочий стол\правленные танчики 2023\tanks_battle_game\debug\entity.obj
c:\users\monok\onedrive\рабочий стол\правленные танчики 2023\tanks_battle_game\debug\enemy.obj
c:\users\monok\onedrive\рабочий стол\правленные танчики 2023\tanks_battle_game\debug\bullet.obj
c:\users\monok\onedrive\рабочий стол\правленные танчики 2023\tanks_battle_game\debug\block.obj
c:\users\monok\onedrive\рабочий стол\правленные танчики 2023\tanks_battle_game\debug\tanks_battle_game.exe
c:\users\monok\onedrive\рабочий стол\правленные танчики 2023\tanks_battle_game\debug\tanks_battle_game.pdb
c:\users\monok\onedrive\рабочий стол\правленные танчики 2023\tanks_battle_game\debug\tanks_ba.7514982f.tlog\cl.command.1.tlog
c:\users\monok\onedrive\рабочий стол\правленные танчики 2023\tanks_battle_game\debug\tanks_ba.7514982f.tlog\cl.read.1.tlog
c:\users\monok\onedrive\рабочий стол\правленные танчики 2023\tanks_battle_game\debug\tanks_ba.7514982f.tlog\cl.write.1.tlog
c:\users\monok\onedrive\рабочий стол\правленные танчики 2023\tanks_battle_game\debug\tanks_ba.7514982f.tlog\link.command.1.tlog
c:\users\monok\onedrive\рабочий стол\правленные танчики 2023\tanks_battle_game\debug\tanks_ba.7514982f.tlog\link.read.1.tlog
c:\users\monok\onedrive\рабочий стол\правленные танчики 2023\tanks_battle_game\debug\tanks_ba.7514982f.tlog\link.write.1.tlog
