  Game.cpp
C:\Users\monok\OneDrive\Рабочий стол\Правленные танчики 2023\Tanks_Battle_Game\Game.cpp(6,12): warning C4244: аргумент: преобразование "time_t" в "unsigned int", возможна потеря данных
C:\Users\monok\OneDrive\Рабочий стол\Правленные танчики 2023\Tanks_Battle_Game\Game.cpp(60,53): warning C4244: аргумент: преобразование "int" в "float", возможна потеря данных
C:\Users\monok\OneDrive\Рабочий стол\Правленные танчики 2023\Tanks_Battle_Game\Game.cpp(60,44): warning C4244: аргумент: преобразование "int" в "float", возможна потеря данных
C:\Users\monok\OneDrive\Рабочий стол\Правленные танчики 2023\Tanks_Battle_Game\Game.cpp(64,79): warning C4244: аргумент: преобразование "int" в "float", возможна потеря данных
C:\Users\monok\OneDrive\Рабочий стол\Правленные танчики 2023\Tanks_Battle_Game\Game.cpp(64,70): warning C4244: аргумент: преобразование "int" в "float", возможна потеря данных
C:\Users\monok\OneDrive\Рабочий стол\Правленные танчики 2023\Tanks_Battle_Game\Game.cpp(67,79): warning C4244: аргумент: преобразование "int" в "float", возможна потеря данных
C:\Users\monok\OneDrive\Рабочий стол\Правленные танчики 2023\Tanks_Battle_Game\Game.cpp(67,70): warning C4244: аргумент: преобразование "int" в "float", возможна потеря данных
C:\Users\monok\OneDrive\Рабочий стол\Правленные танчики 2023\Tanks_Battle_Game\Game.cpp(68,78): warning C4244: аргумент: преобразование "int" в "float", возможна потеря данных
C:\Users\monok\OneDrive\Рабочий стол\Правленные танчики 2023\Tanks_Battle_Game\Game.cpp(68,69): warning C4244: аргумент: преобразование "int" в "float", возможна потеря данных
C:\Users\monok\OneDrive\Рабочий стол\Правленные танчики 2023\Tanks_Battle_Game\Game.cpp(69,79): warning C4244: аргумент: преобразование "int" в "float", возможна потеря данных
C:\Users\monok\OneDrive\Рабочий стол\Правленные танчики 2023\Tanks_Battle_Game\Game.cpp(69,70): warning C4244: аргумент: преобразование "int" в "float", возможна потеря данных
LINK : warning LNK4075: не учитывается "/INCREMENTAL" из-за спецификации "/FORCE"
Bullet.obj : warning LNK4006: "class sf::View __cdecl ChangeView(void)" (?ChangeView@@YA?AVView@sf@@XZ) уже определен в Block.obj; второе определение пропущено
Bullet.obj : warning LNK4006: "class sf::View __cdecl GetCoordinateForView(float,float)" (?GetCoordinateForView@@YA?AVView@sf@@MM@Z) уже определен в Block.obj; второе определение пропущено
Bullet.obj : warning LNK4006: "class sf::View view" (?view@@3VView@sf@@A) уже определен в Block.obj; второе определение пропущено
Bullet.obj : warning LNK4006: "class sf::String * TileMap" (?TileMap@@3PAVString@sf@@A) уже определен в Block.obj; второе определение пропущено
Enemy.obj : warning LNK4006: "class sf::View __cdecl ChangeView(void)" (?ChangeView@@YA?AVView@sf@@XZ) уже определен в Block.obj; второе определение пропущено
Enemy.obj : warning LNK4006: "class sf::View __cdecl GetCoordinateForView(float,float)" (?GetCoordinateForView@@YA?AVView@sf@@MM@Z) уже определен в Block.obj; второе определение пропущено
Enemy.obj : warning LNK4006: "class sf::View view" (?view@@3VView@sf@@A) уже определен в Block.obj; второе определение пропущено
Enemy.obj : warning LNK4006: "class sf::String * TileMap" (?TileMap@@3PAVString@sf@@A) уже определен в Block.obj; второе определение пропущено
Game.obj : warning LNK4006: "class sf::View __cdecl ChangeView(void)" (?ChangeView@@YA?AVView@sf@@XZ) уже определен в Block.obj; второе определение пропущено
Game.obj : warning LNK4006: "class sf::View __cdecl GetCoordinateForView(float,float)" (?GetCoordinateForView@@YA?AVView@sf@@MM@Z) уже определен в Block.obj; второе определение пропущено
Game.obj : warning LNK4006: "class sf::View view" (?view@@3VView@sf@@A) уже определен в Block.obj; второе определение пропущено
Game.obj : warning LNK4006: "class sf::String * TileMap" (?TileMap@@3PAVString@sf@@A) уже определен в Block.obj; второе определение пропущено
MyTank.obj : warning LNK4006: "class sf::View __cdecl ChangeView(void)" (?ChangeView@@YA?AVView@sf@@XZ) уже определен в Block.obj; второе определение пропущено
MyTank.obj : warning LNK4006: "class sf::View __cdecl GetCoordinateForView(float,float)" (?GetCoordinateForView@@YA?AVView@sf@@MM@Z) уже определен в Block.obj; второе определение пропущено
MyTank.obj : warning LNK4006: "class sf::View view" (?view@@3VView@sf@@A) уже определен в Block.obj; второе определение пропущено
MyTank.obj : warning LNK4006: "class sf::String * TileMap" (?TileMap@@3PAVString@sf@@A) уже определен в Block.obj; второе определение пропущено
Tab.obj : warning LNK4006: "class sf::View __cdecl ChangeView(void)" (?ChangeView@@YA?AVView@sf@@XZ) уже определен в Block.obj; второе определение пропущено
Tab.obj : warning LNK4006: "class sf::View __cdecl GetCoordinateForView(float,float)" (?GetCoordinateForView@@YA?AVView@sf@@MM@Z) уже определен в Block.obj; второе определение пропущено
Tab.obj : warning LNK4006: "class sf::View view" (?view@@3VView@sf@@A) уже определен в Block.obj; второе определение пропущено
Tanks_Battle_Game.obj : warning LNK4006: "class sf::View __cdecl ChangeView(void)" (?ChangeView@@YA?AVView@sf@@XZ) уже определен в Block.obj; второе определение пропущено
Tanks_Battle_Game.obj : warning LNK4006: "class sf::View __cdecl GetCoordinateForView(float,float)" (?GetCoordinateForView@@YA?AVView@sf@@MM@Z) уже определен в Block.obj; второе определение пропущено
Tanks_Battle_Game.obj : warning LNK4006: "class sf::View view" (?view@@3VView@sf@@A) уже определен в Block.obj; второе определение пропущено
Tanks_Battle_Game.obj : warning LNK4006: "class sf::String * TileMap" (?TileMap@@3PAVString@sf@@A) уже определен в Block.obj; второе определение пропущено
C:\Users\monok\OneDrive\Рабочий стол\Правленные танчики 2023\Tanks_Battle_Game\Debug\Tanks_Battle_Game.exe : warning LNK4088: образ создается из-за параметра /FORCE; образ нельзя запустить
  Tanks_Battle_Game.vcxproj -> C:\Users\monok\OneDrive\Рабочий стол\Правленные танчики 2023\Tanks_Battle_Game\Debug\Tanks_Battle_Game.exe
